[19Feb2025 01:37:30.846] [main/INFO] [cpw.mods.modlauncher.Launcher/MODLAUNCHER]: ModLauncher running: args [--launchTarget, forgeserver, --fml.forgeVersion, 47.3.29, --fml.mcVersion, 1.20.1, --fml.forgeGroup, net.minecraftforge, --fml.mcpVersion, 20230612.114412, nogui]
[19Feb2025 01:37:30.849] [main/INFO] [cpw.mods.modlauncher.Launcher/MODLAUNCHER]: ModLauncher 10.0.9+10.0.9+main.dcd20f30 starting: java version 17.0.14 by Ubuntu; OS Linux arch amd64 version 6.5.0-1025-azure
[19Feb2025 01:37:30.874] [main/DEBUG] [cpw.mods.modlauncher.LaunchServiceHandler/MODLAUNCHER]: Found launch services [fmlclientdev,forgeclient,minecraft,forgegametestserverdev,fmlserveruserdev,fmlclient,fmldatauserdev,forgeserverdev,forgeserveruserdev,forgeclientdev,forgeclientuserdev,forgeserver,forgedatadev,fmlserver,fmlclientuserdev,fmlserverdev,forgedatauserdev,testharness,forgegametestserveruserdev]
[19Feb2025 01:37:30.884] [main/DEBUG] [cpw.mods.modlauncher.NameMappingServiceHandler/MODLAUNCHER]: Found naming services : [srgtomcp]
[19Feb2025 01:37:30.898] [main/DEBUG] [cpw.mods.modlauncher.LaunchPluginHandler/MODLAUNCHER]: Found launch plugins: [mixin,eventbus,slf4jfixer,object_holder_definalize,runtime_enum_extender,capability_token_subclass,accesstransformer,runtimedistcleaner]
[19Feb2025 01:37:30.908] [main/DEBUG] [cpw.mods.modlauncher.TransformationServicesHandler/MODLAUNCHER]: Discovering transformation services
[19Feb2025 01:37:30.914] [main/DEBUG] [net.minecraftforge.fml.loading.FMLPaths/CORE]: Path GAMEDIR is /workspaces/nuse/servidor_minecraft
[19Feb2025 01:37:30.914] [main/DEBUG] [net.minecraftforge.fml.loading.FMLPaths/CORE]: Path MODSDIR is /workspaces/nuse/servidor_minecraft/mods
[19Feb2025 01:37:30.915] [main/DEBUG] [net.minecraftforge.fml.loading.FMLPaths/CORE]: Path CONFIGDIR is /workspaces/nuse/servidor_minecraft/config
[19Feb2025 01:37:30.915] [main/DEBUG] [net.minecraftforge.fml.loading.FMLPaths/CORE]: Path FMLCONFIG is /workspaces/nuse/servidor_minecraft/config/fml.toml
[19Feb2025 01:37:32.116] [main/DEBUG] [cpw.mods.modlauncher.TransformationServicesHandler/MODLAUNCHER]: Found additional transformation services from discovery services: [/workspaces/nuse/servidor_minecraft/mods/Connector-1.0.0-beta.46+1.20.1.jar][/workspaces/nuse/servidor_minecraft/mods/Connector-1.0.0-beta.46+1.20.1.jar][/workspaces/nuse/servidor_minecraft/mods/Connector-1.0.0-beta.46+1.20.1.jar]
[19Feb2025 01:37:32.149] [main/INFO] [net.minecraftforge.fml.loading.ImmediateWindowHandler/]: ImmediateWindowProvider not loading because launch target is forgeserver
[19Feb2025 01:37:32.172] [main/INFO] [mixin-transmog/]: Mixin Transmogrifier is definitely up to no good...
[19Feb2025 01:37:32.223] [main/DEBUG] [mixin-transmog/]: Replaced the mixin launch plugin
[19Feb2025 01:37:32.223] [main/INFO] [mixin-transmog/]: crimes against java were committed
[19Feb2025 01:37:32.227] [main/DEBUG] [cpw.mods.modlauncher.TransformationServicesHandler/MODLAUNCHER]: Found transformer services : [mixin,fml,mixin-transmogrifier,connector_loader]
[19Feb2025 01:37:32.228] [main/DEBUG] [cpw.mods.modlauncher.TransformationServicesHandler/MODLAUNCHER]: Transformation services loading
[19Feb2025 01:37:32.228] [main/DEBUG] [cpw.mods.modlauncher.TransformationServiceDecorator/MODLAUNCHER]: Loading service mixin
[19Feb2025 01:37:32.229] [main/DEBUG] [cpw.mods.modlauncher.TransformationServiceDecorator/MODLAUNCHER]: Loaded service mixin
[19Feb2025 01:37:32.229] [main/DEBUG] [cpw.mods.modlauncher.TransformationServiceDecorator/MODLAUNCHER]: Loading service fml
[19Feb2025 01:37:32.231] [main/DEBUG] [net.minecraftforge.fml.loading.LauncherVersion/CORE]: Found FMLLauncher version 1.0
[19Feb2025 01:37:32.231] [main/DEBUG] [net.minecraftforge.fml.loading.FMLLoader/CORE]: FML 1.0 loading
[19Feb2025 01:37:32.231] [main/DEBUG] [net.minecraftforge.fml.loading.FMLLoader/CORE]: FML found ModLauncher version : 10.0.9+10.0.9+main.dcd20f30
[19Feb2025 01:37:32.231] [main/DEBUG] [net.minecraftforge.fml.loading.FMLLoader/CORE]: Requesting CoreMods to not apply the fix for ASMAPI.findFirstInstructionBefore by default
[19Feb2025 01:37:32.232] [main/DEBUG] [net.minecraftforge.fml.loading.FMLLoader/CORE]: FML found AccessTransformer version : 8.0.4+66+master.c09db6d7
[19Feb2025 01:37:32.233] [main/DEBUG] [net.minecraftforge.fml.loading.FMLLoader/CORE]: FML found EventBus version : 6.0.5+6.0.5+master.eb8e549b
[19Feb2025 01:37:32.233] [main/DEBUG] [net.minecraftforge.fml.loading.FMLLoader/CORE]: Found Runtime Dist Cleaner
[19Feb2025 01:37:32.235] [main/DEBUG] [net.minecraftforge.coremod.CoreModEngine/]: CoreMods will preserve legacy behavior of ASMAPI.findFirstInstructionBefore for backwards-compatibility
[19Feb2025 01:37:32.235] [main/DEBUG] [net.minecraftforge.fml.loading.FMLLoader/CORE]: FML found CoreMod version : 5.2.4
[19Feb2025 01:37:32.236] [main/DEBUG] [net.minecraftforge.fml.loading.FMLLoader/CORE]: Found ForgeSPI package implementation version 7.0.1+7.0.1+master.d2b38bf6
[19Feb2025 01:37:32.236] [main/DEBUG] [net.minecraftforge.fml.loading.FMLLoader/CORE]: Found ForgeSPI package specification 5
[19Feb2025 01:37:32.236] [main/DEBUG] [cpw.mods.modlauncher.TransformationServiceDecorator/MODLAUNCHER]: Loaded service fml
[19Feb2025 01:37:32.236] [main/DEBUG] [cpw.mods.modlauncher.TransformationServiceDecorator/MODLAUNCHER]: Loading service mixin-transmogrifier
[19Feb2025 01:37:32.236] [main/DEBUG] [mixin-transmog/]: onLoad called
[19Feb2025 01:37:32.237] [main/DEBUG] [mixin-transmog/]: mixin, fml, mixin-transmogrifier, connector_loader
[19Feb2025 01:37:32.237] [main/DEBUG] [cpw.mods.modlauncher.TransformationServiceDecorator/MODLAUNCHER]: Loading service mixin
[19Feb2025 01:37:32.238] [main/DEBUG] [cpw.mods.modlauncher.TransformationServiceDecorator/MODLAUNCHER]: Loaded service mixin
[19Feb2025 01:37:32.238] [main/DEBUG] [cpw.mods.modlauncher.TransformationServiceDecorator/MODLAUNCHER]: Loaded service mixin-transmogrifier
[19Feb2025 01:37:32.238] [main/DEBUG] [cpw.mods.modlauncher.TransformationServiceDecorator/MODLAUNCHER]: Loading service connector_loader
[19Feb2025 01:37:32.239] [main/DEBUG] [cpw.mods.modlauncher.TransformationServiceDecorator/MODLAUNCHER]: Loaded service connector_loader
[19Feb2025 01:37:32.240] [main/DEBUG] [cpw.mods.modlauncher.TransformationServicesHandler/MODLAUNCHER]: Configuring option handling for services
[19Feb2025 01:37:32.247] [main/DEBUG] [cpw.mods.modlauncher.TransformationServicesHandler/MODLAUNCHER]: Transformation services initializing
[19Feb2025 01:37:32.247] [main/DEBUG] [cpw.mods.modlauncher.TransformationServiceDecorator/MODLAUNCHER]: Initializing transformation service mixin
[19Feb2025 01:37:32.248] [main/INFO] [mixin-transmog/]: Original mixin transformation service successfully crobbed by mixin-transmogrifier!
[19Feb2025 01:37:32.249] [main/DEBUG] [cpw.mods.modlauncher.TransformationServiceDecorator/MODLAUNCHER]: Initialized transformation service mixin
[19Feb2025 01:37:32.249] [main/DEBUG] [cpw.mods.modlauncher.TransformationServiceDecorator/MODLAUNCHER]: Initializing transformation service fml
[19Feb2025 01:37:32.249] [main/DEBUG] [net.minecraftforge.fml.loading.FMLServiceProvider/CORE]: Setting up basic FML game directories
[19Feb2025 01:37:32.250] [main/DEBUG] [net.minecraftforge.fml.loading.FMLPaths/CORE]: Path GAMEDIR is /workspaces/nuse/servidor_minecraft
[19Feb2025 01:37:32.250] [main/DEBUG] [net.minecraftforge.fml.loading.FMLPaths/CORE]: Path MODSDIR is /workspaces/nuse/servidor_minecraft/mods
[19Feb2025 01:37:32.250] [main/DEBUG] [net.minecraftforge.fml.loading.FMLPaths/CORE]: Path CONFIGDIR is /workspaces/nuse/servidor_minecraft/config
[19Feb2025 01:37:32.251] [main/DEBUG] [net.minecraftforge.fml.loading.FMLPaths/CORE]: Path FMLCONFIG is /workspaces/nuse/servidor_minecraft/config/fml.toml
[19Feb2025 01:37:32.251] [main/DEBUG] [net.minecraftforge.fml.loading.FMLServiceProvider/CORE]: Loading configuration
[19Feb2025 01:37:32.256] [main/DEBUG] [net.minecraftforge.fml.loading.FMLServiceProvider/CORE]: Preparing ModFile
[19Feb2025 01:37:32.264] [main/DEBUG] [net.minecraftforge.fml.loading.FMLServiceProvider/CORE]: Preparing launch handler
[19Feb2025 01:37:32.264] [main/DEBUG] [net.minecraftforge.fml.loading.FMLLoader/CORE]: Using forgeserver as launch service
[19Feb2025 01:37:32.282] [main/DEBUG] [net.minecraftforge.fml.loading.FMLLoader/CORE]: Received command line version data  : VersionInfo[forgeVersion=47.3.29, mcVersion=1.20.1, mcpVersion=20230612.114412, forgeGroup=net.minecraftforge]
[19Feb2025 01:37:32.284] [main/DEBUG] [cpw.mods.modlauncher.TransformationServiceDecorator/MODLAUNCHER]: Initialized transformation service fml
[19Feb2025 01:37:32.284] [main/DEBUG] [cpw.mods.modlauncher.TransformationServiceDecorator/MODLAUNCHER]: Initializing transformation service mixin-transmogrifier
[19Feb2025 01:37:32.285] [main/DEBUG] [mixin-transmog/]: initialize called
[19Feb2025 01:37:32.296] [main/DEBUG] [mixin/]: MixinService [ModLauncher] was successfully booted in cpw.mods.cl.ModuleClassLoader@7a3d45bd
[19Feb2025 01:37:32.313] [main/INFO] [mixin/]: SpongePowered MIXIN Subsystem Version=0.8.5 Source=union:/workspaces/nuse/servidor_minecraft/mods/Connector-1.0.0-beta.46+1.20.1.jar%23227%23230!/ Service=ModLauncher Env=SERVER
[19Feb2025 01:37:32.316] [main/DEBUG] [mixin/]: Initialising Mixin Platform Manager
[19Feb2025 01:37:32.317] [main/DEBUG] [mixin/]: Adding mixin platform agents for container ModLauncher Root Container(ModLauncher:4f56a0a2)
[19Feb2025 01:37:32.317] [main/DEBUG] [mixin/]: Instancing new MixinPlatformAgentMinecraftForge for ModLauncher Root Container(ModLauncher:4f56a0a2)
[19Feb2025 01:37:32.318] [main/DEBUG] [mixin/]: MixinPlatformAgentMinecraftForge rejected container ModLauncher Root Container(ModLauncher:4f56a0a2)
[19Feb2025 01:37:32.320] [main/DEBUG] [mixin/]: Instancing new MixinPlatformAgentDefault for ModLauncher Root Container(ModLauncher:4f56a0a2)
[19Feb2025 01:37:32.320] [main/DEBUG] [mixin/]: MixinPlatformAgentDefault accepted container ModLauncher Root Container(ModLauncher:4f56a0a2)
[19Feb2025 01:37:32.322] [main/DEBUG] [cpw.mods.modlauncher.TransformationServiceDecorator/MODLAUNCHER]: Initialized transformation service mixin-transmogrifier
[19Feb2025 01:37:32.323] [main/DEBUG] [cpw.mods.modlauncher.TransformationServiceDecorator/MODLAUNCHER]: Initializing transformation service connector_loader
[19Feb2025 01:37:32.329] [main/DEBUG] [cpw.mods.modlauncher.TransformationServiceDecorator/MODLAUNCHER]: Initialized transformation service connector_loader
[19Feb2025 01:37:32.329] [main/DEBUG] [cpw.mods.modlauncher.NameMappingServiceHandler/MODLAUNCHER]: Current naming domain is 'srg'
[19Feb2025 01:37:32.330] [main/DEBUG] [cpw.mods.modlauncher.NameMappingServiceHandler/MODLAUNCHER]: Identified name mapping providers {}
[19Feb2025 01:37:32.330] [main/DEBUG] [cpw.mods.modlauncher.TransformationServicesHandler/MODLAUNCHER]: Transformation services begin scanning
[19Feb2025 01:37:32.331] [main/DEBUG] [cpw.mods.modlauncher.TransformationServiceDecorator/MODLAUNCHER]: Beginning scan trigger - transformation service mixin
[19Feb2025 01:37:32.332] [main/DEBUG] [cpw.mods.modlauncher.TransformationServiceDecorator/MODLAUNCHER]: End scan trigger - transformation service mixin
[19Feb2025 01:37:32.332] [main/DEBUG] [cpw.mods.modlauncher.TransformationServiceDecorator/MODLAUNCHER]: Beginning scan trigger - transformation service fml
[19Feb2025 01:37:32.332] [main/DEBUG] [net.minecraftforge.fml.loading.FMLServiceProvider/CORE]: Initiating mod scan
[19Feb2025 01:37:32.366] [main/DEBUG] [net.minecraftforge.fml.loading.moddiscovery.ModListHandler/CORE]: Found mod coordinates from lists: []
[19Feb2025 01:37:32.379] [main/DEBUG] [net.minecraftforge.fml.loading.moddiscovery.ModDiscoverer/CORE]: Found Mod Locators : (connector_early_locator:1.0.0-beta.46+1.20.1),(mods folder:null),(maven libs:null),(exploded directory:null),(minecraft:null),(userdev classpath:null)
[19Feb2025 01:37:32.380] [main/DEBUG] [net.minecraftforge.fml.loading.moddiscovery.ModDiscoverer/CORE]: Found Dependency Locators : (connector_locator:1.0.0-beta.46+1.20.1),(JarInJar:null)
[19Feb2025 01:37:32.424] [main/DEBUG] [net.minecraftforge.fml.loading.moddiscovery.ModFileParser/LOADING]: Considering mod file candidate 
[19Feb2025 01:37:32.471] [main/DEBUG] [net.minecraftforge.fml.loading.moddiscovery.ModFileInfo/LOADING]: Found valid mod file Connector-1.0.0-beta.46+1.20.1-mod.jar with {connectormod} mods - versions {1.0.0-beta.46+1.20.1}
[19Feb2025 01:37:32.509] [main/DEBUG] [net.minecraftforge.fml.loading.moddiscovery.ModFileParser/LOADING]: Considering mod file candidate /workspaces/nuse/servidor_minecraft/mods/[1.20.1] SecurityCraft v1.9.12.jar
[19Feb2025 01:37:32.512] [main/DEBUG] [net.minecraftforge.fml.loading.moddiscovery.ModFileInfo/LOADING]: Found valid mod file [1.20.1] SecurityCraft v1.9.12.jar with {securitycraft} mods - versions {1.9.12}
[19Feb2025 01:37:32.515] [main/DEBUG] [net.minecraftforge.fml.loading.moddiscovery.ModFileParser/LOADING]: Considering mod file candidate /workspaces/nuse/servidor_minecraft/mods/ad_astra-forge-1.20.1-1.15.19.jar
[19Feb2025 01:37:32.520] [main/DEBUG] [net.minecraftforge.fml.loading.moddiscovery.ModFileInfo/LOADING]: Found valid mod file ad_astra-forge-1.20.1-1.15.19.jar with {ad_astra} mods - versions {1.15.19}
[19Feb2025 01:37:32.521] [main/DEBUG] [net.minecraftforge.fml.loading.moddiscovery.ModFileParser/LOADING]: Considering mod file candidate /workspaces/nuse/servidor_minecraft/mods/advancednetherite-forge-2.1.3-1.20.1.jar
[19Feb2025 01:37:32.524] [main/DEBUG] [net.minecraftforge.fml.loading.moddiscovery.ModFileInfo/LOADING]: Found valid mod file advancednetherite-forge-2.1.3-1.20.1.jar with {advancednetherite} mods - versions {2.1.3}
[19Feb2025 01:37:32.525] [main/DEBUG] [net.minecraftforge.fml.loading.moddiscovery.ModFileParser/LOADING]: Considering mod file candidate /workspaces/nuse/servidor_minecraft/mods/AI-Improvements-1.20-0.5.2.jar
[19Feb2025 01:37:32.526] [main/DEBUG] [net.minecraftforge.fml.loading.moddiscovery.ModFileInfo/LOADING]: Found valid mod file AI-Improvements-1.20-0.5.2.jar with {aiimprovements} mods - versions {0.5.2}
[19Feb2025 01:37:32.531] [main/DEBUG] [net.minecraftforge.fml.loading.moddiscovery.ModFileParser/LOADING]: Considering mod file candidate /workspaces/nuse/servidor_minecraft/mods/alexscaves-2.0.2.jar
[19Feb2025 01:37:32.537] [main/DEBUG] [net.minecraftforge.fml.loading.moddiscovery.ModFileInfo/LOADING]: Found valid mod file alexscaves-2.0.2.jar with {alexscaves} mods - versions {2.0.2}
[19Feb2025 01:37:32.540] [main/DEBUG] [net.minecraftforge.fml.loading.moddiscovery.ModFileParser/LOADING]: Considering mod file candidate /workspaces/nuse/servidor_minecraft/mods/alexsmobs-1.22.9.jar
[19Feb2025 01:37:32.542] [main/DEBUG] [net.minecraftforge.fml.loading.moddiscovery.ModFileInfo/LOADING]: Found valid mod file alexsmobs-1.22.9.jar with {alexsmobs} mods - versions {1.22.9}
[19Feb2025 01:37:32.543] [main/DEBUG] [net.minecraftforge.fml.loading.moddiscovery.ModFileParser/LOADING]: Considering mod file candidate /workspaces/nuse/servidor_minecraft/mods/ApothicAttributes-1.20.1-1.3.7.jar
[19Feb2025 01:37:32.548] [main/DEBUG] [net.minecraftforge.fml.loading.moddiscovery.ModFileInfo/LOADING]: Found valid mod file ApothicAttributes-1.20.1-1.3.7.jar with {attributeslib} mods - versions {1.3.7}
[19Feb2025 01:37:32.549] [main/DEBUG] [net.minecraftforge.fml.loading.moddiscovery.ModFileParser/LOADING]: Considering mod file candidate /workspaces/nuse/servidor_minecraft/mods/architectury-9.2.14-forge.jar
[19Feb2025 01:37:32.553] [main/DEBUG] [net.minecraftforge.fml.loading.moddiscovery.ModFileInfo/LOADING]: Found valid mod file architectury-9.2.14-forge.jar with {architectury} mods - versions {9.2.14}
[19Feb2025 01:37:32.559] [main/DEBUG] [net.minecraftforge.fml.loading.moddiscovery.ModFileParser/LOADING]: Considering mod file candidate /workspaces/nuse/servidor_minecraft/mods/artifacts-forge-9.5.13.jar
[19Feb2025 01:37:32.564] [main/DEBUG] [net.minecraftforge.fml.loading.moddiscovery.ModFileInfo/LOADING]: Found valid mod file artifacts-forge-9.5.13.jar with {artifacts} mods - versions {9.5.13}
[19Feb2025 01:37:32.565] [main/DEBUG] [net.minecraftforge.fml.loading.moddiscovery.ModFileParser/LOADING]: Considering mod file candidate /workspaces/nuse/servidor_minecraft/mods/azurelib-neo-1.20.1-2.0.41.jar
[19Feb2025 01:37:32.567] [main/DEBUG] [net.minecraftforge.fml.loading.moddiscovery.ModFileInfo/LOADING]: Found valid mod file azurelib-neo-1.20.1-2.0.41.jar with {azurelib} mods - versions {2.0.41}
[19Feb2025 01:37:32.568] [main/DEBUG] [net.minecraftforge.fml.loading.moddiscovery.ModFileParser/LOADING]: Considering mod file candidate /workspaces/nuse/servidor_minecraft/mods/azurelibarmor-neo-1.20.1-2.0.14.jar
[19Feb2025 01:37:32.569] [main/DEBUG] [net.minecraftforge.fml.loading.moddiscovery.ModFileInfo/LOADING]: Found valid mod file azurelibarmor-neo-1.20.1-2.0.14.jar with {azurelibarmor} mods - versions {2.0.14}
[19Feb2025 01:37:32.571] [main/DEBUG] [net.minecraftforge.fml.loading.moddiscovery.ModFileParser/LOADING]: Considering mod file candidate /workspaces/nuse/servidor_minecraft/mods/balm-forge-1.20.1-7.1.4.jar
[19Feb2025 01:37:32.578] [main/DEBUG] [net.minecraftforge.fml.loading.moddiscovery.ModFileInfo/LOADING]: Found valid mod file balm-forge-1.20.1-7.1.4.jar with {balm} mods - versions {7.1.4}
[19Feb2025 01:37:32.579] [main/DEBUG] [net.minecraftforge.fml.loading.moddiscovery.ModFileParser/LOADING]: Considering mod file candidate /workspaces/nuse/servidor_minecraft/mods/balm-forge-1.20.1-7.3.15-all.jar
[19Feb2025 01:37:32.586] [main/DEBUG] [net.minecraftforge.fml.loading.moddiscovery.ModFileInfo/LOADING]: Found valid mod file balm-forge-1.20.1-7.3.15-all.jar with {balm} mods - versions {7.3.15}
[19Feb2025 01:37:32.587] [main/DEBUG] [net.minecraftforge.fml.loading.moddiscovery.ModFileParser/LOADING]: Considering mod file candidate /workspaces/nuse/servidor_minecraft/mods/bettercombat-forge-1.8.6+1.20.1.jar
[19Feb2025 01:37:32.588] [main/DEBUG] [net.minecraftforge.fml.loading.moddiscovery.ModFileInfo/LOADING]: Found valid mod file bettercombat-forge-1.8.6+1.20.1.jar with {bettercombat} mods - versions {1.8.6+1.20.1}
[19Feb2025 01:37:32.597] [main/DEBUG] [net.minecraftforge.fml.loading.moddiscovery.ModFileParser/LOADING]: Considering mod file candidate /workspaces/nuse/servidor_minecraft/mods/Bookshelf-Forge-1.20.1-20.2.13.jar
[19Feb2025 01:37:32.598] [main/DEBUG] [net.minecraftforge.fml.loading.moddiscovery.ModFileInfo/LOADING]: Found valid mod file Bookshelf-Forge-1.20.1-20.2.13.jar with {bookshelf} mods - versions {20.2.13}
[19Feb2025 01:37:32.599] [main/DEBUG] [net.minecraftforge.fml.loading.moddiscovery.ModFileParser/LOADING]: Considering mod file candidate /workspaces/nuse/servidor_minecraft/mods/botarium-forge-1.20.1-2.3.4.jar
[19Feb2025 01:37:32.599] [main/DEBUG] [net.minecraftforge.fml.loading.moddiscovery.ModFileInfo/LOADING]: Found valid mod file botarium-forge-1.20.1-2.3.4.jar with {botarium} mods - versions {2.3.4}
[19Feb2025 01:37:32.600] [main/DEBUG] [net.minecraftforge.fml.loading.moddiscovery.ModFileParser/LOADING]: Considering mod file candidate /workspaces/nuse/servidor_minecraft/mods/caelus-forge-3.2.0+1.20.1.jar
[19Feb2025 01:37:32.601] [main/DEBUG] [net.minecraftforge.fml.loading.moddiscovery.ModFileInfo/LOADING]: Found valid mod file caelus-forge-3.2.0+1.20.1.jar with {caelus} mods - versions {3.2.0+1.20.1}
[19Feb2025 01:37:32.601] [main/DEBUG] [net.minecraftforge.fml.loading.moddiscovery.ModFileParser/LOADING]: Considering mod file candidate /workspaces/nuse/servidor_minecraft/mods/carryon-forge-1.20.1-2.1.2.7.jar
[19Feb2025 01:37:32.602] [main/DEBUG] [net.minecraftforge.fml.loading.moddiscovery.ModFileInfo/LOADING]: Found valid mod file carryon-forge-1.20.1-2.1.2.7.jar with {carryon} mods - versions {2.1.2.7}
[19Feb2025 01:37:32.612] [main/DEBUG] [net.minecraftforge.fml.loading.moddiscovery.ModFileParser/LOADING]: Considering mod file candidate /workspaces/nuse/servidor_minecraft/mods/chisel-forge-1.20.1-1.8.0.jar
[19Feb2025 01:37:32.613] [main/DEBUG] [net.minecraftforge.fml.loading.moddiscovery.ModFileInfo/LOADING]: Found valid mod file chisel-forge-1.20.1-1.8.0.jar with {chisel} mods - versions {1.8.0}
[19Feb2025 01:37:32.615] [main/DEBUG] [net.minecraftforge.fml.loading.moddiscovery.ModFileParser/LOADING]: Considering mod file candidate /workspaces/nuse/servidor_minecraft/mods/citadel-2.6.1-1.20.1.jar
[19Feb2025 01:37:32.616] [main/DEBUG] [net.minecraftforge.fml.loading.moddiscovery.ModFileInfo/LOADING]: Found valid mod file citadel-2.6.1-1.20.1.jar with {citadel} mods - versions {2.6.1}
[19Feb2025 01:37:32.617] [main/DEBUG] [net.minecraftforge.fml.loading.moddiscovery.ModFileParser/LOADING]: Considering mod file candidate /workspaces/nuse/servidor_minecraft/mods/cloth-config-11.1.136-forge.jar
[19Feb2025 01:37:32.618] [main/DEBUG] [net.minecraftforge.fml.loading.moddiscovery.ModFileInfo/LOADING]: Found valid mod file cloth-config-11.1.136-forge.jar with {cloth_config} mods - versions {11.1.136}
[19Feb2025 01:37:32.618] [main/DEBUG] [net.minecraftforge.fml.loading.moddiscovery.ModFileParser/LOADING]: Considering mod file candidate /workspaces/nuse/servidor_minecraft/mods/ConnectorExtras-1.11.2+1.20.1.jar
[19Feb2025 01:37:32.619] [main/DEBUG] [net.minecraftforge.fml.loading.moddiscovery.ModFileInfo/LOADING]: Found valid mod file ConnectorExtras-1.11.2+1.20.1.jar with {connectorextras} mods - versions {1.11.2+1.20.1}
[19Feb2025 01:37:32.620] [main/DEBUG] [net.minecraftforge.fml.loading.moddiscovery.ModFileParser/LOADING]: Considering mod file candidate /workspaces/nuse/servidor_minecraft/mods/constructionwand-1.20.1-2.11.jar
[19Feb2025 01:37:32.621] [main/DEBUG] [net.minecraftforge.fml.loading.moddiscovery.ModFileInfo/LOADING]: Found valid mod file constructionwand-1.20.1-2.11.jar with {constructionwand} mods - versions {1.20.1-2.11}
[19Feb2025 01:37:32.621] [main/DEBUG] [net.minecraftforge.fml.loading.moddiscovery.ModFileParser/LOADING]: Considering mod file candidate /workspaces/nuse/servidor_minecraft/mods/coroutil-forge-1.20.1-1.3.7.jar
[19Feb2025 01:37:32.622] [main/DEBUG] [net.minecraftforge.fml.loading.moddiscovery.ModFileInfo/LOADING]: Found valid mod file coroutil-forge-1.20.1-1.3.7.jar with {coroutil} mods - versions {1.20.1-1.3.7}
[19Feb2025 01:37:32.622] [main/DEBUG] [net.minecraftforge.fml.loading.moddiscovery.ModFileParser/LOADING]: Considering mod file candidate /workspaces/nuse/servidor_minecraft/mods/cristellib-1.1.6-forge.jar
[19Feb2025 01:37:32.623] [main/DEBUG] [net.minecraftforge.fml.loading.moddiscovery.ModFileInfo/LOADING]: Found valid mod file cristellib-1.1.6-forge.jar with {cristellib} mods - versions {1.1.6}
[19Feb2025 01:37:32.624] [main/DEBUG] [net.minecraftforge.fml.loading.moddiscovery.ModFileParser/LOADING]: Considering mod file candidate /workspaces/nuse/servidor_minecraft/mods/curios-forge-5.11.1+1.20.1.jar
[19Feb2025 01:37:32.624] [main/DEBUG] [net.minecraftforge.fml.loading.moddiscovery.ModFileInfo/LOADING]: Found valid mod file curios-forge-5.11.1+1.20.1.jar with {curios} mods - versions {5.11.1+1.20.1}
[19Feb2025 01:37:32.626] [main/DEBUG] [net.minecraftforge.fml.loading.moddiscovery.ModFileParser/LOADING]: Considering mod file candidate /workspaces/nuse/servidor_minecraft/mods/DarkUtilities-Forge-1.20.1-17.0.5.jar
[19Feb2025 01:37:32.626] [main/DEBUG] [net.minecraftforge.fml.loading.moddiscovery.ModFileInfo/LOADING]: Found valid mod file DarkUtilities-Forge-1.20.1-17.0.5.jar with {darkutils} mods - versions {17.0.5}
[19Feb2025 01:37:32.628] [main/DEBUG] [net.minecraftforge.fml.loading.moddiscovery.ModFileParser/LOADING]: Considering mod file candidate /workspaces/nuse/servidor_minecraft/mods/deeperdarker-forge-1.20.1-1.3.3.jar
[19Feb2025 01:37:32.629] [main/DEBUG] [net.minecraftforge.fml.loading.moddiscovery.ModFileInfo/LOADING]: Found valid mod file deeperdarker-forge-1.20.1-1.3.3.jar with {deeperdarker} mods - versions {1.3.3}
[19Feb2025 01:37:32.634] [main/DEBUG] [net.minecraftforge.fml.loading.moddiscovery.ModFileParser/LOADING]: Considering mod file candidate /workspaces/nuse/servidor_minecraft/mods/DungeonsArise-1.20.1-2.1.57-release.jar
[19Feb2025 01:37:32.635] [main/DEBUG] [net.minecraftforge.fml.loading.moddiscovery.ModFileInfo/LOADING]: Found valid mod file DungeonsArise-1.20.1-2.1.57-release.jar with {dungeons_arise} mods - versions {2.1.57-1.20.1}
[19Feb2025 01:37:32.635] [main/DEBUG] [net.minecraftforge.fml.loading.moddiscovery.ModFileParser/LOADING]: Considering mod file candidate /workspaces/nuse/servidor_minecraft/mods/easy-villagers-forge-1.20.1-1.1.23.jar
[19Feb2025 01:37:32.636] [main/DEBUG] [net.minecraftforge.fml.loading.moddiscovery.ModFileInfo/LOADING]: Found valid mod file easy-villagers-forge-1.20.1-1.1.23.jar with {easy_villagers} mods - versions {1.20.1-1.1.23}
[19Feb2025 01:37:32.637] [main/DEBUG] [net.minecraftforge.fml.loading.moddiscovery.ModFileParser/LOADING]: Considering mod file candidate /workspaces/nuse/servidor_minecraft/mods/elevatorid-1.20.1-1.9.1.jar
[19Feb2025 01:37:32.637] [main/DEBUG] [net.minecraftforge.fml.loading.moddiscovery.ModFileInfo/LOADING]: Found valid mod file elevatorid-1.20.1-1.9.1.jar with {elevatorid} mods - versions {1.20.1-1.9}
[19Feb2025 01:37:32.640] [main/DEBUG] [net.minecraftforge.fml.loading.moddiscovery.ModFileParser/LOADING]: Considering mod file candidate /workspaces/nuse/servidor_minecraft/mods/EnchantingInfuser-v8.0.3-1.20.1-Forge.jar
[19Feb2025 01:37:32.641] [main/DEBUG] [net.minecraftforge.fml.loading.moddiscovery.ModFileInfo/LOADING]: Found valid mod file EnchantingInfuser-v8.0.3-1.20.1-Forge.jar with {enchantinginfuser} mods - versions {8.0.3}
[19Feb2025 01:37:32.642] [main/DEBUG] [net.minecraftforge.fml.loading.moddiscovery.ModFileParser/LOADING]: Considering mod file candidate /workspaces/nuse/servidor_minecraft/mods/endertanks-forge-1.20.1-1.4.jar
[19Feb2025 01:37:32.642] [main/DEBUG] [net.minecraftforge.fml.loading.moddiscovery.ModFileInfo/LOADING]: Found valid mod file endertanks-forge-1.20.1-1.4.jar with {endertanks} mods - versions {1.20.1-1.4}
[19Feb2025 01:37:32.643] [main/DEBUG] [net.minecraftforge.fml.loading.moddiscovery.ModFileParser/LOADING]: Considering mod file candidate /workspaces/nuse/servidor_minecraft/mods/endrem_forge-5.3.3-R-1.20.1.jar
[19Feb2025 01:37:32.644] [main/DEBUG] [net.minecraftforge.fml.loading.moddiscovery.ModFileInfo/LOADING]: Found valid mod file endrem_forge-5.3.3-R-1.20.1.jar with {endrem} mods - versions {5.3.3-R-1.20.1}
[19Feb2025 01:37:32.644] [main/DEBUG] [net.minecraftforge.fml.loading.moddiscovery.ModFileParser/LOADING]: Considering mod file candidate /workspaces/nuse/servidor_minecraft/mods/ExplorersCompass-1.20.1-1.3.3-forge.jar
[19Feb2025 01:37:32.645] [main/DEBUG] [net.minecraftforge.fml.loading.moddiscovery.ModFileInfo/LOADING]: Found valid mod file ExplorersCompass-1.20.1-1.3.3-forge.jar with {explorerscompass} mods - versions {1.20.1-1.3.3-forge}
[19Feb2025 01:37:32.646] [main/DEBUG] [net.minecraftforge.fml.loading.moddiscovery.ModFileParser/LOADING]: Considering mod file candidate /workspaces/nuse/servidor_minecraft/mods/fabric-api-0.92.2+1.11.11+1.20.1.jar
[19Feb2025 01:37:32.647] [main/DEBUG] [net.minecraftforge.fml.loading.moddiscovery.ModFileInfo/LOADING]: Found valid mod file fabric-api-0.92.2+1.11.11+1.20.1.jar with {fabric_api} mods - versions {0.92.2+1.11.11+1.20.1}
[19Feb2025 01:37:32.647] [main/DEBUG] [net.minecraftforge.fml.loading.moddiscovery.ModFileParser/LOADING]: Considering mod file candidate /workspaces/nuse/servidor_minecraft/mods/ftb-library-forge-2001.2.9.jar
[19Feb2025 01:37:32.648] [main/DEBUG] [net.minecraftforge.fml.loading.moddiscovery.ModFileInfo/LOADING]: Found valid mod file ftb-library-forge-2001.2.9.jar with {ftblibrary} mods - versions {2001.2.9}
[19Feb2025 01:37:32.649] [main/DEBUG] [net.minecraftforge.fml.loading.moddiscovery.ModFileParser/LOADING]: Considering mod file candidate /workspaces/nuse/servidor_minecraft/mods/ftb-ultimine-forge-2001.1.5 (1).jar
[19Feb2025 01:37:32.649] [main/DEBUG] [net.minecraftforge.fml.loading.moddiscovery.ModFileInfo/LOADING]: Found valid mod file ftb-ultimine-forge-2001.1.5 (1).jar with {ftbultimine} mods - versions {2001.1.5}
[19Feb2025 01:37:32.650] [main/DEBUG] [net.minecraftforge.fml.loading.moddiscovery.ModFileParser/LOADING]: Considering mod file candidate /workspaces/nuse/servidor_minecraft/mods/geckolib-forge-1.20.1-4.7.jar
[19Feb2025 01:37:32.651] [main/DEBUG] [net.minecraftforge.fml.loading.moddiscovery.ModFileInfo/LOADING]: Found valid mod file geckolib-forge-1.20.1-4.7.jar with {geckolib} mods - versions {4.7}
[19Feb2025 01:37:32.651] [main/DEBUG] [net.minecraftforge.fml.loading.moddiscovery.ModFileParser/LOADING]: Considering mod file candidate /workspaces/nuse/servidor_minecraft/mods/gravestone-forge-1.20.1-1.0.24.jar
[19Feb2025 01:37:32.653] [main/DEBUG] [net.minecraftforge.fml.loading.moddiscovery.ModFileInfo/LOADING]: Found valid mod file gravestone-forge-1.20.1-1.0.24.jar with {gravestone} mods - versions {1.20.1-1.0.24}
[19Feb2025 01:37:32.656] [main/DEBUG] [net.minecraftforge.fml.loading.moddiscovery.ModFileParser/LOADING]: Considering mod file candidate /workspaces/nuse/servidor_minecraft/mods/iceandfire-2.1.13-1.20.1-beta-5.jar
[19Feb2025 01:37:32.658] [main/DEBUG] [net.minecraftforge.fml.loading.moddiscovery.ModFileInfo/LOADING]: Found valid mod file iceandfire-2.1.13-1.20.1-beta-5.jar with {iceandfire} mods - versions {2.1.13-1.20.1}
[19Feb2025 01:37:32.668] [main/DEBUG] [net.minecraftforge.fml.loading.moddiscovery.ModFileParser/LOADING]: Considering mod file candidate /workspaces/nuse/servidor_minecraft/mods/IllagerInvasion-v8.0.6-1.20.1-Forge.jar
[19Feb2025 01:37:32.669] [main/DEBUG] [net.minecraftforge.fml.loading.moddiscovery.ModFileInfo/LOADING]: Found valid mod file IllagerInvasion-v8.0.6-1.20.1-Forge.jar with {illagerinvasion} mods - versions {8.0.6}
[19Feb2025 01:37:32.670] [main/DEBUG] [net.minecraftforge.fml.loading.moddiscovery.ModFileParser/LOADING]: Considering mod file candidate /workspaces/nuse/servidor_minecraft/mods/immersive_aircraft-1.1.8+1.20.1-forge.jar
[19Feb2025 01:37:32.671] [main/DEBUG] [net.minecraftforge.fml.loading.moddiscovery.ModFileInfo/LOADING]: Found valid mod file immersive_aircraft-1.1.8+1.20.1-forge.jar with {immersive_aircraft} mods - versions {1.1.8+1.20.1}
[19Feb2025 01:37:32.672] [main/DEBUG] [net.minecraftforge.fml.loading.moddiscovery.ModFileParser/LOADING]: Considering mod file candidate /workspaces/nuse/servidor_minecraft/mods/immersive_paintings-0.6.7+1.20.1-forge.jar
[19Feb2025 01:37:32.673] [main/DEBUG] [net.minecraftforge.fml.loading.moddiscovery.ModFileInfo/LOADING]: Found valid mod file immersive_paintings-0.6.7+1.20.1-forge.jar with {immersive_paintings} mods - versions {0.6.7+1.20.1}
[19Feb2025 01:37:32.674] [main/DEBUG] [net.minecraftforge.fml.loading.moddiscovery.ModFileParser/LOADING]: Considering mod file candidate /workspaces/nuse/servidor_minecraft/mods/improvedmobs-1.20.1-1.13.2-forge.jar
[19Feb2025 01:37:32.676] [main/DEBUG] [net.minecraftforge.fml.loading.moddiscovery.ModFileInfo/LOADING]: Found valid mod file improvedmobs-1.20.1-1.13.2-forge.jar with {improvedmobs} mods - versions {1.20.1-1.13.2}
[19Feb2025 01:37:32.679] [main/DEBUG] [net.minecraftforge.fml.loading.moddiscovery.ModFileParser/LOADING]: Considering mod file candidate /workspaces/nuse/servidor_minecraft/mods/Incendium_1.20.x_v5.3.5.jar
[19Feb2025 01:37:32.679] [main/DEBUG] [net.minecraftforge.fml.loading.moddiscovery.ModFileInfo/LOADING]: Found valid mod file Incendium_1.20.x_v5.3.5.jar with {incendium} mods - versions {5.3.5}
[19Feb2025 01:37:32.681] [main/DEBUG] [net.minecraftforge.fml.loading.moddiscovery.ModFileParser/LOADING]: Considering mod file candidate /workspaces/nuse/servidor_minecraft/mods/industrial-foregoing-1.20.1-3.5.19.jar
[19Feb2025 01:37:32.682] [main/DEBUG] [net.minecraftforge.fml.loading.moddiscovery.ModFileInfo/LOADING]: Found valid mod file industrial-foregoing-1.20.1-3.5.19.jar with {industrialforegoing} mods - versions {3.5.19}
[19Feb2025 01:37:32.683] [main/DEBUG] [net.minecraftforge.fml.loading.moddiscovery.ModFileParser/LOADING]: Considering mod file candidate /workspaces/nuse/servidor_minecraft/mods/ironchest-1.20.1-14.4.4.jar
[19Feb2025 01:37:32.684] [main/DEBUG] [net.minecraftforge.fml.loading.moddiscovery.ModFileInfo/LOADING]: Found valid mod file ironchest-1.20.1-14.4.4.jar with {ironchest} mods - versions {1.20.1-14.4.4}
[19Feb2025 01:37:32.684] [main/DEBUG] [net.minecraftforge.fml.loading.moddiscovery.ModFileParser/LOADING]: Considering mod file candidate /workspaces/nuse/servidor_minecraft/mods/ironfurnaces-1.20.1-4.1.6.jar
[19Feb2025 01:37:32.687] [main/DEBUG] [net.minecraftforge.fml.loading.moddiscovery.ModFileInfo/LOADING]: Found valid mod file ironfurnaces-1.20.1-4.1.6.jar with {ironfurnaces} mods - versions {4.1.6}
[19Feb2025 01:37:32.689] [main/DEBUG] [net.minecraftforge.fml.loading.moddiscovery.ModFileParser/LOADING]: Considering mod file candidate /workspaces/nuse/servidor_minecraft/mods/irons_spellbooks-1.20.1-3.4.0.jar
[19Feb2025 01:37:32.690] [main/DEBUG] [net.minecraftforge.fml.loading.moddiscovery.ModFileInfo/LOADING]: Found valid mod file irons_spellbooks-1.20.1-3.4.0.jar with {irons_spellbooks} mods - versions {1.20.1-3.4.0}
[19Feb2025 01:37:32.691] [main/DEBUG] [net.minecraftforge.fml.loading.moddiscovery.ModFileParser/LOADING]: Considering mod file candidate /workspaces/nuse/servidor_minecraft/mods/Jade-1.20.1-Forge-11.12.3.jar
[19Feb2025 01:37:32.693] [main/DEBUG] [net.minecraftforge.fml.loading.moddiscovery.ModFileInfo/LOADING]: Found valid mod file Jade-1.20.1-Forge-11.12.3.jar with {jade} mods - versions {11.12.3+forge}
[19Feb2025 01:37:32.694] [main/DEBUG] [net.minecraftforge.fml.loading.moddiscovery.ModFileParser/LOADING]: Considering mod file candidate /workspaces/nuse/servidor_minecraft/mods/JadeAddons-1.20.1-Forge-5.3.1.jar
[19Feb2025 01:37:32.697] [main/DEBUG] [net.minecraftforge.fml.loading.moddiscovery.ModFileInfo/LOADING]: Found valid mod file JadeAddons-1.20.1-Forge-5.3.1.jar with {jadeaddons} mods - versions {5.3.1+forge}
[19Feb2025 01:37:32.698] [main/DEBUG] [net.minecraftforge.fml.loading.moddiscovery.ModFileParser/LOADING]: Considering mod file candidate /workspaces/nuse/servidor_minecraft/mods/jei-1.20.1-forge-15.20.0.106.jar
[19Feb2025 01:37:32.699] [main/DEBUG] [net.minecraftforge.fml.loading.moddiscovery.ModFileInfo/LOADING]: Found valid mod file jei-1.20.1-forge-15.20.0.106.jar with {jei} mods - versions {15.20.0.106}
[19Feb2025 01:37:32.700] [main/DEBUG] [net.minecraftforge.fml.loading.moddiscovery.ModFileParser/LOADING]: Considering mod file candidate /workspaces/nuse/servidor_minecraft/mods/L_Enders_Cataclysm-2.53- 1.20.1.jar
[19Feb2025 01:37:32.704] [main/DEBUG] [net.minecraftforge.fml.loading.moddiscovery.ModFileInfo/LOADING]: Found valid mod file L_Enders_Cataclysm-2.53- 1.20.1.jar with {cataclysm} mods - versions {2.53}
[19Feb2025 01:37:32.705] [main/DEBUG] [net.minecraftforge.fml.loading.moddiscovery.ModFileParser/LOADING]: Considering mod file candidate /workspaces/nuse/servidor_minecraft/mods/lionfishapi-2.4.jar
[19Feb2025 01:37:32.705] [main/DEBUG] [net.minecraftforge.fml.loading.moddiscovery.ModFileInfo/LOADING]: Found valid mod file lionfishapi-2.4.jar with {lionfishapi} mods - versions {2.4}
[19Feb2025 01:37:32.706] [main/DEBUG] [net.minecraftforge.fml.loading.moddiscovery.ModFileParser/LOADING]: Considering mod file candidate /workspaces/nuse/servidor_minecraft/mods/lodestone-1.20.1-1.6.4.1.jar
[19Feb2025 01:37:32.712] [main/DEBUG] [net.minecraftforge.fml.loading.moddiscovery.ModFileInfo/LOADING]: Found valid mod file lodestone-1.20.1-1.6.4.1.jar with {lodestone} mods - versions {1.20.1-1.6.4.1}
[19Feb2025 01:37:32.713] [main/DEBUG] [net.minecraftforge.fml.loading.moddiscovery.ModFileParser/LOADING]: Considering mod file candidate /workspaces/nuse/servidor_minecraft/mods/Log-Begone-Forge-1.20.1-1.0.8.jar
[19Feb2025 01:37:32.713] [main/DEBUG] [net.minecraftforge.fml.loading.moddiscovery.ModFileInfo/LOADING]: Found valid mod file Log-Begone-Forge-1.20.1-1.0.8.jar with {logbegone} mods - versions {1.0.8}
[19Feb2025 01:37:32.714] [main/DEBUG] [net.minecraftforge.fml.loading.moddiscovery.ModFileParser/LOADING]: Considering mod file candidate /workspaces/nuse/servidor_minecraft/mods/lootr-forge-1.20-0.7.35.90.jar
[19Feb2025 01:37:32.715] [main/DEBUG] [net.minecraftforge.fml.loading.moddiscovery.ModFileInfo/LOADING]: Found valid mod file lootr-forge-1.20-0.7.35.90.jar with {lootr} mods - versions {0.7.35.90}
[19Feb2025 01:37:32.717] [main/DEBUG] [net.minecraftforge.fml.loading.moddiscovery.ModFileParser/LOADING]: Considering mod file candidate /workspaces/nuse/servidor_minecraft/mods/MagnumTorch-v8.0.2-1.20.1-Forge.jar
[19Feb2025 01:37:32.718] [main/DEBUG] [net.minecraftforge.fml.loading.moddiscovery.ModFileInfo/LOADING]: Found valid mod file MagnumTorch-v8.0.2-1.20.1-Forge.jar with {magnumtorch} mods - versions {8.0.2}
[19Feb2025 01:37:32.719] [main/DEBUG] [net.minecraftforge.fml.loading.moddiscovery.ModFileParser/LOADING]: Considering mod file candidate /workspaces/nuse/servidor_minecraft/mods/Mantle-1.20.1-1.11.36.jar
[19Feb2025 01:37:32.720] [main/DEBUG] [net.minecraftforge.fml.loading.moddiscovery.ModFileInfo/LOADING]: Found valid mod file Mantle-1.20.1-1.11.36.jar with {mantle} mods - versions {1.11.36}
[19Feb2025 01:37:32.726] [main/DEBUG] [net.minecraftforge.fml.loading.moddiscovery.ModFileParser/LOADING]: Considering mod file candidate /workspaces/nuse/servidor_minecraft/mods/Mekanism-1.20.1-10.4.14.71.jar
[19Feb2025 01:37:32.727] [main/DEBUG] [net.minecraftforge.fml.loading.moddiscovery.ModFileInfo/LOADING]: Found valid mod file Mekanism-1.20.1-10.4.14.71.jar with {mekanism} mods - versions {10.4.14}
[19Feb2025 01:37:32.728] [main/DEBUG] [net.minecraftforge.fml.loading.moddiscovery.ModFileParser/LOADING]: Considering mod file candidate /workspaces/nuse/servidor_minecraft/mods/MekanismGenerators-1.20.1-10.4.14.71.jar
[19Feb2025 01:37:32.728] [main/DEBUG] [net.minecraftforge.fml.loading.moddiscovery.ModFileInfo/LOADING]: Found valid mod file MekanismGenerators-1.20.1-10.4.14.71.jar with {mekanismgenerators} mods - versions {10.4.14}
[19Feb2025 01:37:32.738] [main/DEBUG] [net.minecraftforge.fml.loading.moddiscovery.ModFileParser/LOADING]: Considering mod file candidate /workspaces/nuse/servidor_minecraft/mods/MineTraps-1.20.2-(v.2.3.0a).jar
[19Feb2025 01:37:32.740] [main/DEBUG] [net.minecraftforge.fml.loading.moddiscovery.ModFileInfo/LOADING]: Found valid mod file MineTraps-1.20.2-(v.2.3.0a).jar with {minetraps} mods - versions {2.3.0a}
[19Feb2025 01:37:32.741] [main/DEBUG] [net.minecraftforge.fml.loading.moddiscovery.ModFileParser/LOADING]: Considering mod file candidate /workspaces/nuse/servidor_minecraft/mods/modernfix-forge-5.19.5+mc1.20.1.jar
[19Feb2025 01:37:32.743] [main/DEBUG] [net.minecraftforge.fml.loading.moddiscovery.ModFileInfo/LOADING]: Found valid mod file modernfix-forge-5.19.5+mc1.20.1.jar with {modernfix} mods - versions {5.19.5+mc1.20.1}
[19Feb2025 01:37:32.744] [main/DEBUG] [net.minecraftforge.fml.loading.moddiscovery.ModFileParser/LOADING]: Considering mod file candidate /workspaces/nuse/servidor_minecraft/mods/modernfix-forge-5.20.2+mc1.20.1.jar
[19Feb2025 01:37:32.745] [main/DEBUG] [net.minecraftforge.fml.loading.moddiscovery.ModFileInfo/LOADING]: Found valid mod file modernfix-forge-5.20.2+mc1.20.1.jar with {modernfix} mods - versions {5.20.2+mc1.20.1}
[19Feb2025 01:37:32.746] [main/DEBUG] [net.minecraftforge.fml.loading.moddiscovery.ModFileParser/LOADING]: Considering mod file candidate /workspaces/nuse/servidor_minecraft/mods/ModularPowersuits-Forge-1.20.1-2.3.13.jar
[19Feb2025 01:37:32.747] [main/DEBUG] [net.minecraftforge.fml.loading.moddiscovery.ModFileInfo/LOADING]: Found valid mod file ModularPowersuits-Forge-1.20.1-2.3.13.jar with {powersuits} mods - versions {2.3.13}
[19Feb2025 01:37:32.747] [main/DEBUG] [net.minecraftforge.fml.loading.moddiscovery.ModFileParser/LOADING]: Considering mod file candidate /workspaces/nuse/servidor_minecraft/mods/moonlight-1.20-2.13.62-forge.jar
[19Feb2025 01:37:32.748] [main/DEBUG] [net.minecraftforge.fml.loading.moddiscovery.ModFileInfo/LOADING]: Found valid mod file moonlight-1.20-2.13.62-forge.jar with {moonlight} mods - versions {1.20-2.13.62}
[19Feb2025 01:37:32.749] [main/DEBUG] [net.minecraftforge.fml.loading.moddiscovery.ModFileParser/LOADING]: Considering mod file candidate /workspaces/nuse/servidor_minecraft/mods/mowziesmobs-1.7.0.jar
[19Feb2025 01:37:32.751] [main/DEBUG] [net.minecraftforge.fml.loading.moddiscovery.ModFileInfo/LOADING]: Found valid mod file mowziesmobs-1.7.0.jar with {mowziesmobs} mods - versions {1.7.0}
[19Feb2025 01:37:32.755] [main/DEBUG] [net.minecraftforge.fml.loading.moddiscovery.ModFileParser/LOADING]: Considering mod file candidate /workspaces/nuse/servidor_minecraft/mods/MutantMonsters-v8.0.7-1.20.1-Forge.jar
[19Feb2025 01:37:32.756] [main/DEBUG] [net.minecraftforge.fml.loading.moddiscovery.ModFileInfo/LOADING]: Found valid mod file MutantMonsters-v8.0.7-1.20.1-Forge.jar with {mutantmonsters} mods - versions {8.0.7}
[19Feb2025 01:37:32.756] [main/DEBUG] [net.minecraftforge.fml.loading.moddiscovery.ModFileParser/LOADING]: Considering mod file candidate /workspaces/nuse/servidor_minecraft/mods/NaturesCompass-1.20.1-1.11.2-forge.jar
[19Feb2025 01:37:32.757] [main/DEBUG] [net.minecraftforge.fml.loading.moddiscovery.ModFileInfo/LOADING]: Found valid mod file NaturesCompass-1.20.1-1.11.2-forge.jar with {naturescompass} mods - versions {1.20.1-1.11.2-forge}
[19Feb2025 01:37:32.757] [main/DEBUG] [net.minecraftforge.fml.loading.moddiscovery.ModFileParser/LOADING]: Considering mod file candidate /workspaces/nuse/servidor_minecraft/mods/Necronomicon-Forge-1.6.0+1.20.1.jar
[19Feb2025 01:37:32.758] [main/DEBUG] [net.minecraftforge.fml.loading.moddiscovery.ModFileInfo/LOADING]: Found valid mod file Necronomicon-Forge-1.6.0+1.20.1.jar with {necronomicon} mods - versions {1.6.0}
[19Feb2025 01:37:32.759] [main/DEBUG] [net.minecraftforge.fml.loading.moddiscovery.ModFileParser/LOADING]: Considering mod file candidate /workspaces/nuse/servidor_minecraft/mods/NoChatReports-FORGE-1.20.1-v2.2.2.jar
[19Feb2025 01:37:32.759] [main/DEBUG] [net.minecraftforge.fml.loading.moddiscovery.ModFileInfo/LOADING]: Found valid mod file NoChatReports-FORGE-1.20.1-v2.2.2.jar with {nochatreports} mods - versions {1.20.1-v2.2.2}
[19Feb2025 01:37:32.760] [main/DEBUG] [net.minecraftforge.fml.loading.moddiscovery.ModFileParser/LOADING]: Considering mod file candidate /workspaces/nuse/servidor_minecraft/mods/Numina-Forge-1.20.1-2.3.13.jar
[19Feb2025 01:37:32.761] [main/DEBUG] [net.minecraftforge.fml.loading.moddiscovery.ModFileInfo/LOADING]: Found valid mod file Numina-Forge-1.20.1-2.3.13.jar with {numina} mods - versions {2.3.13}
[19Feb2025 01:37:32.761] [main/DEBUG] [net.minecraftforge.fml.loading.moddiscovery.ModFileParser/LOADING]: Considering mod file candidate /workspaces/nuse/servidor_minecraft/mods/nyfsspiders-forge-1.20.1-2.1.1.jar
[19Feb2025 01:37:32.762] [main/DEBUG] [net.minecraftforge.fml.loading.moddiscovery.ModFileInfo/LOADING]: Found valid mod file nyfsspiders-forge-1.20.1-2.1.1.jar with {nyfsspiders} mods - versions {2.1.1}
[19Feb2025 01:37:32.762] [main/DEBUG] [net.minecraftforge.fml.loading.moddiscovery.ModFileParser/LOADING]: Considering mod file candidate /workspaces/nuse/servidor_minecraft/mods/OctoLib-FORGE-0.4.2+1.20.1.jar
[19Feb2025 01:37:32.763] [main/DEBUG] [net.minecraftforge.fml.loading.moddiscovery.ModFileInfo/LOADING]: Found valid mod file OctoLib-FORGE-0.4.2+1.20.1.jar with {octolib} mods - versions {0.4.2}
[19Feb2025 01:37:32.763] [main/DEBUG] [net.minecraftforge.fml.loading.moddiscovery.ModFileParser/LOADING]: Considering mod file candidate /workspaces/nuse/servidor_minecraft/mods/okzoomer-forge-1.20-3.0.1.jar
[19Feb2025 01:37:32.764] [main/DEBUG] [net.minecraftforge.fml.loading.moddiscovery.ModFileInfo/LOADING]: Found valid mod file okzoomer-forge-1.20-3.0.1.jar with {okzoomer} mods - versions {3.0.1}
[19Feb2025 01:37:32.765] [main/DEBUG] [net.minecraftforge.fml.loading.moddiscovery.ModFileParser/LOADING]: Considering mod file candidate /workspaces/nuse/servidor_minecraft/mods/PigPen-Forge-1.20.1-15.0.2.jar
[19Feb2025 01:37:32.765] [main/DEBUG] [net.minecraftforge.fml.loading.moddiscovery.ModFileInfo/LOADING]: Found valid mod file PigPen-Forge-1.20.1-15.0.2.jar with {pigpen} mods - versions {15.0.2}
[19Feb2025 01:37:32.766] [main/DEBUG] [net.minecraftforge.fml.loading.moddiscovery.ModFileParser/LOADING]: Considering mod file candidate /workspaces/nuse/servidor_minecraft/mods/Ping-Wheel-1.10.1-forge-1.20.1.jar
[19Feb2025 01:37:32.766] [main/DEBUG] [net.minecraftforge.fml.loading.moddiscovery.ModFileInfo/LOADING]: Found valid mod file Ping-Wheel-1.10.1-forge-1.20.1.jar with {pingwheel} mods - versions {1.10.1}
[19Feb2025 01:37:32.769] [main/DEBUG] [net.minecraftforge.fml.loading.moddiscovery.ModFileParser/LOADING]: Considering mod file candidate /workspaces/nuse/servidor_minecraft/mods/pipez-forge-1.20.1-1.2.16.jar
[19Feb2025 01:37:32.770] [main/DEBUG] [net.minecraftforge.fml.loading.moddiscovery.ModFileInfo/LOADING]: Found valid mod file pipez-forge-1.20.1-1.2.16.jar with {pipez} mods - versions {1.20.1-1.2.16}
[19Feb2025 01:37:32.771] [main/DEBUG] [net.minecraftforge.fml.loading.moddiscovery.ModFileParser/LOADING]: Considering mod file candidate /workspaces/nuse/servidor_minecraft/mods/Placebo-1.20.1-8.6.2.jar
[19Feb2025 01:37:32.771] [main/DEBUG] [net.minecraftforge.fml.loading.moddiscovery.ModFileInfo/LOADING]: Found valid mod file Placebo-1.20.1-8.6.2.jar with {placebo} mods - versions {8.6.2}
[19Feb2025 01:37:32.772] [main/DEBUG] [net.minecraftforge.fml.loading.moddiscovery.ModFileParser/LOADING]: Considering mod file candidate /workspaces/nuse/servidor_minecraft/mods/player-animation-lib-forge-1.0.2-rc1+1.20.jar
[19Feb2025 01:37:32.772] [main/DEBUG] [net.minecraftforge.fml.loading.moddiscovery.ModFileInfo/LOADING]: Found valid mod file player-animation-lib-forge-1.0.2-rc1+1.20.jar with {playeranimator} mods - versions {1.0.2-rc1+1.20}
[19Feb2025 01:37:32.774] [main/DEBUG] [net.minecraftforge.fml.loading.moddiscovery.ModFileParser/LOADING]: Considering mod file candidate /workspaces/nuse/servidor_minecraft/mods/polymorph-forge-0.49.8+1.20.1.jar
[19Feb2025 01:37:32.775] [main/DEBUG] [net.minecraftforge.fml.loading.moddiscovery.ModFileInfo/LOADING]: Found valid mod file polymorph-forge-0.49.8+1.20.1.jar with {polymorph} mods - versions {0.49.8+1.20.1}
[19Feb2025 01:37:32.776] [main/DEBUG] [net.minecraftforge.fml.loading.moddiscovery.ModFileParser/LOADING]: Considering mod file candidate /workspaces/nuse/servidor_minecraft/mods/Powah-5.0.8.jar
[19Feb2025 01:37:32.777] [main/DEBUG] [net.minecraftforge.fml.loading.moddiscovery.ModFileInfo/LOADING]: Found valid mod file Powah-5.0.8.jar with {powah} mods - versions {5.0.8}
[19Feb2025 01:37:32.777] [main/DEBUG] [net.minecraftforge.fml.loading.moddiscovery.ModFileParser/LOADING]: Considering mod file candidate /workspaces/nuse/servidor_minecraft/mods/protect-mobs-from-daylight-forge-1.0.1.jar
[19Feb2025 01:37:32.778] [main/DEBUG] [net.minecraftforge.fml.loading.moddiscovery.ModFileInfo/LOADING]: Found valid mod file protect-mobs-from-daylight-forge-1.0.1.jar with {protectmobsfromdaylight} mods - versions {1.0.1}
[19Feb2025 01:37:32.784] [main/DEBUG] [net.minecraftforge.fml.loading.moddiscovery.ModFileParser/LOADING]: Considering mod file candidate /workspaces/nuse/servidor_minecraft/mods/PuzzlesLib-v8.1.25-1.20.1-Forge.jar
[19Feb2025 01:37:32.785] [main/DEBUG] [net.minecraftforge.fml.loading.moddiscovery.ModFileInfo/LOADING]: Found valid mod file PuzzlesLib-v8.1.25-1.20.1-Forge.jar with {puzzleslib} mods - versions {8.1.25}
[19Feb2025 01:37:32.790] [main/DEBUG] [net.minecraftforge.fml.loading.moddiscovery.ModFileParser/LOADING]: Considering mod file candidate /workspaces/nuse/servidor_minecraft/mods/Quark-4.0-460.jar
[19Feb2025 01:37:32.791] [main/DEBUG] [net.minecraftforge.fml.loading.moddiscovery.ModFileInfo/LOADING]: Found valid mod file Quark-4.0-460.jar with {quark} mods - versions {4.0-460}
[19Feb2025 01:37:32.792] [main/DEBUG] [net.minecraftforge.fml.loading.moddiscovery.ModFileParser/LOADING]: Considering mod file candidate /workspaces/nuse/servidor_minecraft/mods/radium-mc1.20.1-0.12.4+git.26c9d8e.jar
[19Feb2025 01:37:32.794] [main/DEBUG] [net.minecraftforge.fml.loading.moddiscovery.ModFileInfo/LOADING]: Found valid mod file radium-mc1.20.1-0.12.4+git.26c9d8e.jar with {radium} mods - versions {0.12.4+git.26c9d8e}
[19Feb2025 01:37:32.797] [main/DEBUG] [net.minecraftforge.fml.loading.moddiscovery.ModFileParser/LOADING]: Considering mod file candidate /workspaces/nuse/servidor_minecraft/mods/Rats-1.20.1-8.1.3.jar
[19Feb2025 01:37:32.797] [main/DEBUG] [net.minecraftforge.fml.loading.moddiscovery.ModFileInfo/LOADING]: Found valid mod file Rats-1.20.1-8.1.3.jar with {rats} mods - versions {1.20.1-8.1.3}
[19Feb2025 01:37:32.800] [main/DEBUG] [net.minecraftforge.fml.loading.moddiscovery.ModFileParser/LOADING]: Considering mod file candidate /workspaces/nuse/servidor_minecraft/mods/refinedstorage-1.12.4.jar
[19Feb2025 01:37:32.800] [main/DEBUG] [net.minecraftforge.fml.loading.moddiscovery.ModFileInfo/LOADING]: Found valid mod file refinedstorage-1.12.4.jar with {refinedstorage} mods - versions {1.12.4}
[19Feb2025 01:37:32.801] [main/DEBUG] [net.minecraftforge.fml.loading.moddiscovery.ModFileParser/LOADING]: Considering mod file candidate /workspaces/nuse/servidor_minecraft/mods/relics-1.20.1-0.8.0.7.jar
[19Feb2025 01:37:32.802] [main/DEBUG] [net.minecraftforge.fml.loading.moddiscovery.ModFileInfo/LOADING]: Found valid mod file relics-1.20.1-0.8.0.7.jar with {relics} mods - versions {0.8.0.7}
[19Feb2025 01:37:32.804] [main/DEBUG] [net.minecraftforge.fml.loading.moddiscovery.ModFileParser/LOADING]: Considering mod file candidate /workspaces/nuse/servidor_minecraft/mods/resourcefulconfig-forge-1.20.1-2.1.2.jar
[19Feb2025 01:37:32.804] [main/DEBUG] [net.minecraftforge.fml.loading.moddiscovery.ModFileInfo/LOADING]: Found valid mod file resourcefulconfig-forge-1.20.1-2.1.2.jar with {resourcefulconfig} mods - versions {2.1.2}
[19Feb2025 01:37:32.806] [main/DEBUG] [net.minecraftforge.fml.loading.moddiscovery.ModFileParser/LOADING]: Considering mod file candidate /workspaces/nuse/servidor_minecraft/mods/resourcefullib-forge-1.20.1-2.1.29.jar
[19Feb2025 01:37:32.806] [main/DEBUG] [net.minecraftforge.fml.loading.moddiscovery.ModFileInfo/LOADING]: Found valid mod file resourcefullib-forge-1.20.1-2.1.29.jar with {resourcefullib} mods - versions {2.1.29}
[19Feb2025 01:37:32.807] [main/DEBUG] [net.minecraftforge.fml.loading.moddiscovery.ModFileParser/LOADING]: Considering mod file candidate /workspaces/nuse/servidor_minecraft/mods/Ribbits-1.20.1-Forge-3.0.4.jar
[19Feb2025 01:37:32.809] [main/DEBUG] [net.minecraftforge.fml.loading.moddiscovery.ModFileInfo/LOADING]: Found valid mod file Ribbits-1.20.1-Forge-3.0.4.jar with {ribbits} mods - versions {1.20.1-Forge-3.0.4}
[19Feb2025 01:37:32.815] [main/DEBUG] [net.minecraftforge.fml.loading.moddiscovery.ModFileParser/LOADING]: Considering mod file candidate /workspaces/nuse/servidor_minecraft/mods/Runelic-Forge-1.20.1-18.0.2.jar
[19Feb2025 01:37:32.816] [main/DEBUG] [net.minecraftforge.fml.loading.moddiscovery.ModFileInfo/LOADING]: Found valid mod file Runelic-Forge-1.20.1-18.0.2.jar with {runelic} mods - versions {18.0.2}
[19Feb2025 01:37:32.816] [main/DEBUG] [net.minecraftforge.fml.loading.moddiscovery.ModFileParser/LOADING]: Considering mod file candidate /workspaces/nuse/servidor_minecraft/mods/Searchables-forge-1.20.1-1.0.2.jar
[19Feb2025 01:37:32.817] [main/DEBUG] [net.minecraftforge.fml.loading.moddiscovery.ModFileInfo/LOADING]: Found valid mod file Searchables-forge-1.20.1-1.0.2.jar with {searchables} mods - versions {1.0.2}
[19Feb2025 01:37:32.818] [main/DEBUG] [net.minecraftforge.fml.loading.moddiscovery.ModFileParser/LOADING]: Considering mod file candidate /workspaces/nuse/servidor_minecraft/mods/shetiphiancore-forge-1.20.1-1.4.jar
[19Feb2025 01:37:32.818] [main/DEBUG] [net.minecraftforge.fml.loading.moddiscovery.ModFileInfo/LOADING]: Found valid mod file shetiphiancore-forge-1.20.1-1.4.jar with {shetiphiancore} mods - versions {1.20.1-1.4}
[19Feb2025 01:37:32.821] [main/DEBUG] [net.minecraftforge.fml.loading.moddiscovery.ModFileParser/LOADING]: Considering mod file candidate /workspaces/nuse/servidor_minecraft/mods/simplyswords-forge-1.56.0-1.20.1.jar
[19Feb2025 01:37:32.823] [main/DEBUG] [net.minecraftforge.fml.loading.moddiscovery.ModFileInfo/LOADING]: Found valid mod file simplyswords-forge-1.56.0-1.20.1.jar with {simplyswords} mods - versions {1.56.0-1.20.1}
[19Feb2025 01:37:32.823] [main/DEBUG] [net.minecraftforge.fml.loading.moddiscovery.ModFileParser/LOADING]: Considering mod file candidate /workspaces/nuse/servidor_minecraft/mods/SmartBrainLib-forge-1.20.1-1.15.jar
[19Feb2025 01:37:32.824] [main/DEBUG] [net.minecraftforge.fml.loading.moddiscovery.ModFileInfo/LOADING]: Found valid mod file SmartBrainLib-forge-1.20.1-1.15.jar with {smartbrainlib} mods - versions {1.15}
[19Feb2025 01:37:32.825] [main/DEBUG] [net.minecraftforge.fml.loading.moddiscovery.ModFileParser/LOADING]: Considering mod file candidate /workspaces/nuse/servidor_minecraft/mods/smokeleafindustry-0.4.7-1.20.1.jar
[19Feb2025 01:37:32.826] [main/DEBUG] [net.minecraftforge.fml.loading.moddiscovery.ModFileInfo/LOADING]: Found valid mod file smokeleafindustry-0.4.7-1.20.1.jar with {smokeleafindustry} mods - versions {0.4.7-1.20.1}
[19Feb2025 01:37:32.827] [main/DEBUG] [net.minecraftforge.fml.loading.moddiscovery.ModFileParser/LOADING]: Considering mod file candidate /workspaces/nuse/servidor_minecraft/mods/sophisticatedbackpacks-1.20.1-3.23.4.1196.jar
[19Feb2025 01:37:32.828] [main/DEBUG] [net.minecraftforge.fml.loading.moddiscovery.ModFileInfo/LOADING]: Found valid mod file sophisticatedbackpacks-1.20.1-3.23.4.1196.jar with {sophisticatedbackpacks} mods - versions {3.23.4.1196}
[19Feb2025 01:37:32.832] [main/DEBUG] [net.minecraftforge.fml.loading.moddiscovery.ModFileParser/LOADING]: Considering mod file candidate /workspaces/nuse/servidor_minecraft/mods/sophisticatedcore-1.20.1-1.2.12.872.jar
[19Feb2025 01:37:32.833] [main/DEBUG] [net.minecraftforge.fml.loading.moddiscovery.ModFileInfo/LOADING]: Found valid mod file sophisticatedcore-1.20.1-1.2.12.872.jar with {sophisticatedcore} mods - versions {1.2.12.872}
[19Feb2025 01:37:32.836] [main/DEBUG] [net.minecraftforge.fml.loading.moddiscovery.ModFileParser/LOADING]: Considering mod file candidate /workspaces/nuse/servidor_minecraft/mods/SpartanWeaponry-1.20.1-forge-3.1.3-all.jar
[19Feb2025 01:37:32.837] [main/DEBUG] [net.minecraftforge.fml.loading.moddiscovery.ModFileInfo/LOADING]: Found valid mod file SpartanWeaponry-1.20.1-forge-3.1.3-all.jar with {spartanweaponry} mods - versions {3.1.3}
[19Feb2025 01:37:32.840] [main/DEBUG] [net.minecraftforge.fml.loading.moddiscovery.ModFileParser/LOADING]: Considering mod file candidate /workspaces/nuse/servidor_minecraft/mods/tacz-1.20.1-1.1.4-hotfix-all.jar
[19Feb2025 01:37:32.841] [main/DEBUG] [net.minecraftforge.fml.loading.moddiscovery.ModFileInfo/LOADING]: Found valid mod file tacz-1.20.1-1.1.4-hotfix-all.jar with {tacz} mods - versions {1.1.4-hotfix}
[19Feb2025 01:37:32.865] [main/DEBUG] [net.minecraftforge.fml.loading.moddiscovery.ModFileParser/LOADING]: Considering mod file candidate /workspaces/nuse/servidor_minecraft/mods/TConstruct-1.20.1-3.9.1.19.jar
[19Feb2025 01:37:32.871] [main/DEBUG] [net.minecraftforge.fml.loading.moddiscovery.ModFileInfo/LOADING]: Found valid mod file TConstruct-1.20.1-3.9.1.19.jar with {tconstruct} mods - versions {3.9.1.19}
[19Feb2025 01:37:32.872] [main/DEBUG] [net.minecraftforge.fml.loading.moddiscovery.ModFileParser/LOADING]: Considering mod file candidate /workspaces/nuse/servidor_minecraft/mods/tenshilib-1.20.1-1.7.6-forge.jar
[19Feb2025 01:37:32.873] [main/DEBUG] [net.minecraftforge.fml.loading.moddiscovery.ModFileInfo/LOADING]: Found valid mod file tenshilib-1.20.1-1.7.6-forge.jar with {tenshilib} mods - versions {1.20.1-1.7.6}
[19Feb2025 01:37:32.873] [main/DEBUG] [net.minecraftforge.fml.loading.moddiscovery.ModFileParser/LOADING]: Considering mod file candidate /workspaces/nuse/servidor_minecraft/mods/titanium-1.20.1-3.8.32.jar
[19Feb2025 01:37:32.877] [main/DEBUG] [net.minecraftforge.fml.loading.moddiscovery.ModFileInfo/LOADING]: Found valid mod file titanium-1.20.1-3.8.32.jar with {titanium} mods - versions {3.8.32}
[19Feb2025 01:37:32.878] [main/DEBUG] [net.minecraftforge.fml.loading.moddiscovery.ModFileParser/LOADING]: Considering mod file candidate /workspaces/nuse/servidor_minecraft/mods/totw_modded-forge-1.20.1-1.0.5.jar
[19Feb2025 01:37:32.879] [main/DEBUG] [net.minecraftforge.fml.loading.moddiscovery.ModFileInfo/LOADING]: Found valid mod file totw_modded-forge-1.20.1-1.0.5.jar with {totw_modded} mods - versions {1.0.5}
[19Feb2025 01:37:32.881] [main/DEBUG] [net.minecraftforge.fml.loading.moddiscovery.ModFileParser/LOADING]: Considering mod file candidate /workspaces/nuse/servidor_minecraft/mods/Towns-and-Towers-1.12-Fabric+Forge.jar
[19Feb2025 01:37:32.882] [main/DEBUG] [net.minecraftforge.fml.loading.moddiscovery.ModFileInfo/LOADING]: Found valid mod file Towns-and-Towers-1.12-Fabric+Forge.jar with {t_and_t} mods - versions {0.0NONE}
[19Feb2025 01:37:32.884] [main/DEBUG] [net.minecraftforge.fml.loading.moddiscovery.ModFileParser/LOADING]: Considering mod file candidate /workspaces/nuse/servidor_minecraft/mods/traveloptics_tweaks-2.1.0-1.20.1.jar
[19Feb2025 01:37:32.885] [main/DEBUG] [net.minecraftforge.fml.loading.moddiscovery.ModFileInfo/LOADING]: Found valid mod file traveloptics_tweaks-2.1.0-1.20.1.jar with {traveloptics} mods - versions {2.1.0-1.20.1}
[19Feb2025 01:37:32.885] [main/DEBUG] [net.minecraftforge.fml.loading.moddiscovery.ModFileParser/LOADING]: Considering mod file candidate /workspaces/nuse/servidor_minecraft/mods/waystones-forge-1.20.1-14.1.9.jar
[19Feb2025 01:37:32.886] [main/DEBUG] [net.minecraftforge.fml.loading.moddiscovery.ModFileInfo/LOADING]: Found valid mod file waystones-forge-1.20.1-14.1.9.jar with {waystones} mods - versions {14.1.9}
[19Feb2025 01:37:32.887] [main/DEBUG] [net.minecraftforge.fml.loading.moddiscovery.ModFileParser/LOADING]: Considering mod file candidate /workspaces/nuse/servidor_minecraft/mods/wegotrunnners-0.7.1.1.20.1[SPANISH TRANSLATION UPDATE]_modrinth.jar
[19Feb2025 01:37:32.887] [main/DEBUG] [net.minecraftforge.fml.loading.moddiscovery.ModFileInfo/LOADING]: Found valid mod file wegotrunnners-0.7.1.1.20.1[SPANISH TRANSLATION UPDATE]_modrinth.jar with {wegotrunnners} mods - versions {1.0.0}
[19Feb2025 01:37:32.888] [main/DEBUG] [net.minecraftforge.fml.loading.moddiscovery.ModFileParser/LOADING]: Considering mod file candidate /workspaces/nuse/servidor_minecraft/mods/Xaeros_Minimap_25.1.0_Forge_1.20.jar
[19Feb2025 01:37:32.889] [main/DEBUG] [net.minecraftforge.fml.loading.moddiscovery.ModFileInfo/LOADING]: Found valid mod file Xaeros_Minimap_25.1.0_Forge_1.20.jar with {xaerominimap} mods - versions {25.1.0}
[19Feb2025 01:37:32.889] [main/DEBUG] [net.minecraftforge.fml.loading.moddiscovery.ModFileParser/LOADING]: Considering mod file candidate /workspaces/nuse/servidor_minecraft/mods/XaerosWorldMap_1.39.2_Forge_1.20.jar
[19Feb2025 01:37:32.890] [main/DEBUG] [net.minecraftforge.fml.loading.moddiscovery.ModFileInfo/LOADING]: Found valid mod file XaerosWorldMap_1.39.2_Forge_1.20.jar with {xaeroworldmap} mods - versions {1.39.2}
[19Feb2025 01:37:32.891] [main/DEBUG] [net.minecraftforge.fml.loading.moddiscovery.ModFileParser/LOADING]: Considering mod file candidate /workspaces/nuse/servidor_minecraft/mods/YungsApi-1.20-Forge-4.0.6.jar
[19Feb2025 01:37:32.891] [main/DEBUG] [net.minecraftforge.fml.loading.moddiscovery.ModFileInfo/LOADING]: Found valid mod file YungsApi-1.20-Forge-4.0.6.jar with {yungsapi} mods - versions {1.20-Forge-4.0.6}
[19Feb2025 01:37:32.892] [main/DEBUG] [net.minecraftforge.fml.loading.moddiscovery.ModFileParser/LOADING]: Considering mod file candidate /workspaces/nuse/servidor_minecraft/mods/YungsBetterDesertTemples-1.20-Forge-3.0.3.jar
[19Feb2025 01:37:32.893] [main/DEBUG] [net.minecraftforge.fml.loading.moddiscovery.ModFileInfo/LOADING]: Found valid mod file YungsBetterDesertTemples-1.20-Forge-3.0.3.jar with {betterdeserttemples} mods - versions {1.20-Forge-3.0.3}
[19Feb2025 01:37:32.894] [main/DEBUG] [net.minecraftforge.fml.loading.moddiscovery.ModFileParser/LOADING]: Considering mod file candidate /workspaces/nuse/servidor_minecraft/mods/YungsBetterDungeons-1.20-Forge-4.0.4.jar
[19Feb2025 01:37:32.894] [main/DEBUG] [net.minecraftforge.fml.loading.moddiscovery.ModFileInfo/LOADING]: Found valid mod file YungsBetterDungeons-1.20-Forge-4.0.4.jar with {betterdungeons} mods - versions {1.20-Forge-4.0.4}
[19Feb2025 01:37:32.895] [main/DEBUG] [net.minecraftforge.fml.loading.moddiscovery.ModFileParser/LOADING]: Considering mod file candidate /workspaces/nuse/servidor_minecraft/mods/YungsBetterEndIsland-1.20-Forge-2.0.6.jar
[19Feb2025 01:37:32.895] [main/DEBUG] [net.minecraftforge.fml.loading.moddiscovery.ModFileInfo/LOADING]: Found valid mod file YungsBetterEndIsland-1.20-Forge-2.0.6.jar with {betterendisland} mods - versions {1.20-Forge-2.0.6}
[19Feb2025 01:37:32.897] [main/DEBUG] [net.minecraftforge.fml.loading.moddiscovery.ModFileParser/LOADING]: Considering mod file candidate /workspaces/nuse/servidor_minecraft/mods/YungsBetterJungleTemples-1.20-Forge-2.0.5.jar
[19Feb2025 01:37:32.897] [main/DEBUG] [net.minecraftforge.fml.loading.moddiscovery.ModFileInfo/LOADING]: Found valid mod file YungsBetterJungleTemples-1.20-Forge-2.0.5.jar with {betterjungletemples} mods - versions {1.20-Forge-2.0.5}
[19Feb2025 01:37:32.898] [main/DEBUG] [net.minecraftforge.fml.loading.moddiscovery.ModFileParser/LOADING]: Considering mod file candidate /workspaces/nuse/servidor_minecraft/mods/YungsBetterMineshafts-1.20-Forge-4.0.4.jar
[19Feb2025 01:37:32.899] [main/DEBUG] [net.minecraftforge.fml.loading.moddiscovery.ModFileInfo/LOADING]: Found valid mod file YungsBetterMineshafts-1.20-Forge-4.0.4.jar with {bettermineshafts} mods - versions {1.20-Forge-4.0.4}
[19Feb2025 01:37:32.899] [main/DEBUG] [net.minecraftforge.fml.loading.moddiscovery.ModFileParser/LOADING]: Considering mod file candidate /workspaces/nuse/servidor_minecraft/mods/YungsBetterNetherFortresses-1.20-Forge-2.0.6.jar
[19Feb2025 01:37:32.900] [main/DEBUG] [net.minecraftforge.fml.loading.moddiscovery.ModFileInfo/LOADING]: Found valid mod file YungsBetterNetherFortresses-1.20-Forge-2.0.6.jar with {betterfortresses} mods - versions {1.20-Forge-2.0.6}
[19Feb2025 01:37:32.900] [main/DEBUG] [net.minecraftforge.fml.loading.moddiscovery.ModFileParser/LOADING]: Considering mod file candidate /workspaces/nuse/servidor_minecraft/mods/YungsBetterOceanMonuments-1.20-Forge-3.0.4.jar
[19Feb2025 01:37:32.901] [main/DEBUG] [net.minecraftforge.fml.loading.moddiscovery.ModFileInfo/LOADING]: Found valid mod file YungsBetterOceanMonuments-1.20-Forge-3.0.4.jar with {betteroceanmonuments} mods - versions {1.20-Forge-3.0.4}
[19Feb2025 01:37:32.901] [main/DEBUG] [net.minecraftforge.fml.loading.moddiscovery.ModFileParser/LOADING]: Considering mod file candidate /workspaces/nuse/servidor_minecraft/mods/YungsBetterStrongholds-1.20-Forge-4.0.3.jar
[19Feb2025 01:37:32.903] [main/DEBUG] [net.minecraftforge.fml.loading.moddiscovery.ModFileInfo/LOADING]: Found valid mod file YungsBetterStrongholds-1.20-Forge-4.0.3.jar with {betterstrongholds} mods - versions {1.20-Forge-4.0.3}
[19Feb2025 01:37:32.903] [main/DEBUG] [net.minecraftforge.fml.loading.moddiscovery.ModFileParser/LOADING]: Considering mod file candidate /workspaces/nuse/servidor_minecraft/mods/YungsBetterWitchHuts-1.20-Forge-3.0.3.jar
[19Feb2025 01:37:32.904] [main/DEBUG] [net.minecraftforge.fml.loading.moddiscovery.ModFileInfo/LOADING]: Found valid mod file YungsBetterWitchHuts-1.20-Forge-3.0.3.jar with {betterwitchhuts} mods - versions {1.20-Forge-3.0.3}
[19Feb2025 01:37:32.904] [main/DEBUG] [net.minecraftforge.fml.loading.moddiscovery.ModFileParser/LOADING]: Considering mod file candidate /workspaces/nuse/servidor_minecraft/mods/YungsExtras-1.20-Forge-4.0.3.jar
[19Feb2025 01:37:32.905] [main/DEBUG] [net.minecraftforge.fml.loading.moddiscovery.ModFileInfo/LOADING]: Found valid mod file YungsExtras-1.20-Forge-4.0.3.jar with {yungsextras} mods - versions {1.20-Forge-4.0.3}
[19Feb2025 01:37:32.906] [main/DEBUG] [net.minecraftforge.fml.loading.moddiscovery.ModFileParser/LOADING]: Considering mod file candidate /workspaces/nuse/servidor_minecraft/mods/Zeta-1.0-24.jar
[19Feb2025 01:37:32.907] [main/DEBUG] [net.minecraftforge.fml.loading.moddiscovery.ModFileInfo/LOADING]: Found valid mod file Zeta-1.0-24.jar with {zeta} mods - versions {1.0-24}
[19Feb2025 01:37:32.907] [main/DEBUG] [net.minecraftforge.fml.loading.moddiscovery.ModFileParser/LOADING]: Considering mod file candidate /workspaces/nuse/servidor_minecraft/mods/zombieawareness-1.20.1-1.13.1.jar
[19Feb2025 01:37:32.908] [main/DEBUG] [net.minecraftforge.fml.loading.moddiscovery.ModFileInfo/LOADING]: Found valid mod file zombieawareness-1.20.1-1.13.1.jar with {zombieawareness} mods - versions {1.20.1-1.13.1}
